  Game.cpp
d:\c++\sudoku\sudoku\game.h(10): error C2011: Game: переопределение типа "class"
  d:\c++\sudoku\sudoku\game.h(9): note:  см. объявление "Game"
d:\c++\sudoku\sudoku\game.cpp(5): error C2027: использование неопределенного типа "Game"
  d:\c++\sudoku\sudoku\game.h(9): note:  см. объявление "Game"
d:\c++\sudoku\sudoku\game.cpp(6): error C4430: отсутствует спецификатор типа - предполагается int. Примечание. C++ не поддерживает int по умолчанию
d:\c++\sudoku\sudoku\game.cpp(7): error C2065: state: необъявленный идентификатор
d:\c++\sudoku\sudoku\game.cpp(7): error C2065: MENU: необъявленный идентификатор
d:\c++\sudoku\sudoku\game.cpp(8): warning C4508: {ctor}: функция должна возвращать значение; предполагается возвращаемый тип "void"
d:\c++\sudoku\sudoku\game.cpp(9): error C2027: использование неопределенного типа "Game"
  d:\c++\sudoku\sudoku\game.h(9): note:  см. объявление "Game"
d:\c++\sudoku\sudoku\game.cpp(11): error C2065: state: необъявленный идентификатор
d:\c++\sudoku\sudoku\game.cpp(11): error C2065: END: необъявленный идентификатор
d:\c++\sudoku\sudoku\game.cpp(13): error C2065: state: необъявленный идентификатор
d:\c++\sudoku\sudoku\game.cpp(14): error C2050: значение выражения для варианта выбора не является целым
d:\c++\sudoku\sudoku\game.cpp(15): error C2653: GameState: не является именем класса или пространства имен
d:\c++\sudoku\sudoku\game.cpp(15): error C2065: MENU: необъявленный идентификатор
d:\c++\sudoku\sudoku\game.cpp(15): error C2131: выражение не определяется константой
  d:\c++\sudoku\sudoku\game.cpp(15): note: обнаружено неконстантное (под)выражение
d:\c++\sudoku\sudoku\game.cpp(16): error C3861: menu: идентификатор не найден
d:\c++\sudoku\sudoku\game.cpp(18): error C2653: GameState: не является именем класса или пространства имен
d:\c++\sudoku\sudoku\game.cpp(18): error C2065: GAME: необъявленный идентификатор
d:\c++\sudoku\sudoku\game.cpp(18): error C2131: выражение не определяется константой
  d:\c++\sudoku\sudoku\game.cpp(18): note: обнаружено неконстантное (под)выражение
d:\c++\sudoku\sudoku\game.cpp(19): error C3861: levels: идентификатор не найден
d:\c++\sudoku\sudoku\game.cpp(24): error C2027: использование неопределенного типа "Game"
  d:\c++\sudoku\sudoku\game.h(9): note:  см. объявление "Game"
d:\c++\sudoku\sudoku\game.cpp(26): error C2065: font: необъявленный идентификатор
d:\c++\sudoku\sudoku\game.cpp(38): error C2065: font: необъявленный идентификатор
d:\c++\sudoku\sudoku\game.cpp(42): warning C4244: аргумент: преобразование "int" в "float", возможна потеря данных
d:\c++\sudoku\sudoku\game.cpp(45): error C2065: state: необъявленный идентификатор
d:\c++\sudoku\sudoku\game.cpp(45): error C2065: MENU: необъявленный идентификатор
d:\c++\sudoku\sudoku\game.cpp(55): error C2065: state: необъявленный идентификатор
d:\c++\sudoku\sudoku\game.cpp(55): error C2065: END: необъявленный идентификатор
d:\c++\sudoku\sudoku\game.cpp(60): error C2065: state: необъявленный идентификатор
d:\c++\sudoku\sudoku\game.cpp(60): error C2065: GAME: необъявленный идентификатор
d:\c++\sudoku\sudoku\game.cpp(66): error C2065: state: необъявленный идентификатор
d:\c++\sudoku\sudoku\game.cpp(66): error C2065: END: необъявленный идентификатор
d:\c++\sudoku\sudoku\game.cpp(83): error C2027: использование неопределенного типа "Game"
  d:\c++\sudoku\sudoku\game.h(9): note:  см. объявление "Game"
d:\c++\sudoku\sudoku\game.cpp(85): error C2065: font: необъявленный идентификатор
d:\c++\sudoku\sudoku\game.cpp(99): error C2065: font: необъявленный идентификатор
d:\c++\sudoku\sudoku\game.cpp(102): warning C4244: аргумент: преобразование "int" в "float", возможна потеря данных
d:\c++\sudoku\sudoku\game.cpp(104): error C2065: state: необъявленный идентификатор
d:\c++\sudoku\sudoku\game.cpp(104): error C2065: GAME: необъявленный идентификатор
d:\c++\sudoku\sudoku\game.cpp(118): error C2065: state: необъявленный идентификатор
d:\c++\sudoku\sudoku\game.cpp(118): error C2065: GAME: необъявленный идентификатор
d:\c++\sudoku\sudoku\game.cpp(120): error C2065: state: необъявленный идентификатор
d:\c++\sudoku\sudoku\game.cpp(120): error C2065: MENU: необъявленный идентификатор
d:\c++\sudoku\sudoku\game.cpp(126): error C2065: state: необъявленный идентификатор
d:\c++\sudoku\sudoku\game.cpp(126): error C2065: GAME: необъявленный идентификатор
d:\c++\sudoku\sudoku\game.cpp(128): error C2065: state: необъявленный идентификатор
d:\c++\sudoku\sudoku\game.cpp(128): error C2065: MENU: необъявленный идентификатор
d:\c++\sudoku\sudoku\game.cpp(134): error C2065: state: необъявленный идентификатор
d:\c++\sudoku\sudoku\game.cpp(134): error C2065: GAME: необъявленный идентификатор
d:\c++\sudoku\sudoku\game.cpp(136): error C2065: state: необъявленный идентификатор
d:\c++\sudoku\sudoku\game.cpp(136): error C2065: MENU: необъявленный идентификатор
d:\c++\sudoku\sudoku\game.cpp(141): error C2065: state: необъявленный идентификатор
d:\c++\sudoku\sudoku\game.cpp(141): error C2065: MENU: необъявленный идентификатор
  Source.cpp
d:\c++\sudoku\sudoku\game.h(10): error C2011: Game: переопределение типа "class"
  d:\c++\sudoku\sudoku\game.h(9): note:  см. объявление "Game"
d:\c++\sudoku\sudoku\source.cpp(7): error C2079: "game" использует не имеющую определения структуру class "Game"
  Sudoku.cpp
d:\c++\sudoku\sudoku\sudoku.cpp(5): warning C4244: аргумент: преобразование "time_t" в "unsigned int", возможна потеря данных
d:\c++\sudoku\sudoku\sudoku.cpp(87): warning C4244: аргумент: преобразование "int" в "float", возможна потеря данных
d:\c++\sudoku\sudoku\sudoku.cpp(83): error C4996: 'sf::Text::setColor': объявлен deprecate
  d:\c++\sudoku\packages\sfml_system.2.5.1\build\native\include\sfml\graphics\text.hpp(210): note:  см. объявление "sf::Text::setColor"
d:\c++\sudoku\sudoku\sudoku.cpp(100): error C4996: 'sf::Text::setColor': объявлен deprecate
  d:\c++\sudoku\packages\sfml_system.2.5.1\build\native\include\sfml\graphics\text.hpp(210): note:  см. объявление "sf::Text::setColor"
d:\c++\sudoku\sudoku\sudoku.cpp(305): warning C4244: аргумент: преобразование "int" в "T", возможна потеря данных
          with
          [
              T=float
          ]
d:\c++\sudoku\sudoku\sudoku.cpp(311): warning C4244: аргумент: преобразование "int" в "T", возможна потеря данных
          with
          [
              T=float
          ]
d:\c++\sudoku\sudoku\sudoku.cpp(315): warning C4244: аргумент: преобразование "int" в "float", возможна потеря данных
d:\c++\sudoku\sudoku\sudoku.cpp(318): warning C4244: аргумент: преобразование "int" в "T", возможна потеря данных
          with
          [
              T=float
          ]
d:\c++\sudoku\sudoku\sudoku.cpp(327): warning C4244: аргумент: преобразование "int" в "float", возможна потеря данных
d:\c++\sudoku\sudoku\sudoku.cpp(341): warning C4244: аргумент: преобразование "int" в "float", возможна потеря данных
d:\c++\sudoku\sudoku\sudoku.cpp(347): warning C4244: аргумент: преобразование "int" в "float", возможна потеря данных
d:\c++\sudoku\sudoku\sudoku.cpp(368): warning C4244: аргумент: преобразование "int" в "float", возможна потеря данных
d:\c++\sudoku\sudoku\sudoku.cpp(350): error C4996: 'sf::Text::setColor': объявлен deprecate
  d:\c++\sudoku\packages\sfml_system.2.5.1\build\native\include\sfml\graphics\text.hpp(210): note:  см. объявление "sf::Text::setColor"
d:\c++\sudoku\sudoku\sudoku.cpp(354): error C4996: 'sf::Text::setColor': объявлен deprecate
  d:\c++\sudoku\packages\sfml_system.2.5.1\build\native\include\sfml\graphics\text.hpp(210): note:  см. объявление "sf::Text::setColor"
  Создание кода...
